<?xml version="1.0" encoding="UTF-8"?>
<!-- Generated by org.testng.reporters.JUnitXMLReporter -->
<testsuite ignored="1" hostname="DESKTOP-KJACJ2C" failures="0" tests="1" name="Error Validations Test" time="21.161" errors="0" timestamp="2024-07-03T18:03:13 IST">
  <testcase classname="framework.Tests.ErrorValidationsTest" name="LoginErrorValidation" time="1.261"/>
  <testcase classname="framework.Tests.ErrorValidationsTest" name="ProductErrorValidation" time="0.0">
    <ignored/>
  </testcase> <!-- ProductErrorValidation -->
</testsuite> <!-- Error Validations Test -->
