<?xml version="1.0" encoding="UTF-8"?>
<!-- Generated by org.testng.reporters.JUnitXMLReporter -->
<testsuite ignored="0" hostname="DESKTOP-KJACJ2C" failures="0" tests="2" name="Error Validations Test" time="70.211" errors="0" timestamp="2024-07-08T12:26:22 IST">
  <testcase classname="framework.Tests.ErrorValidationsTest" name="LoginErrorValidation" time="2.41"/>
  <testcase classname="framework.Tests.ErrorValidationsTest" name="ProductErrorValidation" time="14.871"/>
</testsuite> <!-- Error Validations Test -->
