<?xml version="1.0" encoding="UTF-8"?>
<!-- Generated by org.testng.reporters.JUnitXMLReporter -->
<testsuite ignored="0" hostname="DESKTOP-KJACJ2C" failures="0" tests="3" name="Submit Order Test" time="81.839" errors="0" timestamp="2024-07-08T12:26:32 IST">
  <testcase classname="framework.Tests.SubmitOrderTest" name="submitOrder" time="22.967"/>
  <testcase classname="framework.Tests.SubmitOrderTest" name="submitOrder" time="4.203"/>
  <testcase classname="framework.Tests.SubmitOrderTest" name="orderHistory" time="2.276"/>
</testsuite> <!-- Submit Order Test -->
